<?xml version="1.0" encoding="UTF-8"?>
<!-- Generated by org.testng.reporters.JUnitXMLReporter -->
<testsuite hostname="SAHIL" ignored="0" name="Test" tests="4" failures="0" timestamp="20 Aug 2020 12:15:56 GMT" time="24.044" errors="0">
  <testcase name="checktitle" time="0.033" classname="com.Testcases.Login_Test"/>
  <testcase name="login_detail" time="16.598" classname="com.Testcases.Login_Test"/>
  <testcase name="Admin" time="5.798" classname="com.Testcases.Home_test"/>
  <testcase name="log_out" time="1.471" classname="com.Testcases.Home_test"/>
</testsuite> <!-- Test -->
